<?xml version="1.0" encoding="UTF-8"?>
<!-- Generated by org.testng.reporters.JUnitReportReporter -->
<testsuite hostname="SATYAJIT" failures="0" tests="1" name="orangeHRMcases.Adminlogintestwithinvaliddata" time="3.854" errors="0" timestamp="2022-10-14T18:54:10 IST" skipped="0">
  <testcase classname="orangeHRMcases.Adminlogintestwithinvaliddata" name="checkAdminmodule" time="3.854"/>
  <system-out/>
</testsuite> <!-- orangeHRMcases.Adminlogintestwithinvaliddata -->
