<?xml version="1.0" encoding="UTF-8"?>
<!-- Generated by org.testng.reporters.JUnitReportReporter -->
<testsuite hostname="SATYAJIT" failures="0" tests="1" name="orangeHRMcases.AdminlogintestwithValiddata" time="16.647" errors="0" timestamp="2022-10-08T21:40:47 IST" skipped="0">
  <testcase classname="orangeHRMcases.AdminlogintestwithValiddata" name="checkAdminLogin" time="16.647"/>
  <system-out/>
</testsuite> <!-- orangeHRMcases.AdminlogintestwithValiddata -->
