<?xml version="1.0" encoding="UTF-8"?>
<!-- Generated by org.testng.reporters.JUnitReportReporter -->
<testsuite hostname="SATYAJIT" failures="0" tests="1" name="orangeHRMcases.Empregtest" time="11.086" errors="0" timestamp="2022-10-28T01:50:40 IST" skipped="0">
  <testcase classname="orangeHRMcases.Empregtest" name="Checkempreg" time="11.086"/>
  <system-out/>
</testsuite> <!-- orangeHRMcases.Empregtest -->
